<?xml version="1.0" encoding="UTF-8"?>
<testng-results ignored="0" total="2" passed="2" failed="0" skipped="0">
  <reporter-output>
  </reporter-output>
  <suite started-at="2023-03-16T15:59:43 EET" name="Default suite" finished-at="2023-03-16T16:01:13 EET" duration-ms="90081">
    <groups>
    </groups>
    <test started-at="2023-03-16T15:59:43 EET" name="Default test" finished-at="2023-03-16T16:01:13 EET" duration-ms="90081">
      <class name="Reorder">
        <test-method is-config="true" signature="SetUp()[pri:0, instance:Reorder@22c86919]" started-at="2023-03-16T15:59:43 EET" name="SetUp" finished-at="2023-03-16T16:00:49 EET" duration-ms="65749" status="PASS">
          <reporter-output>
          </reporter-output>
        </test-method> <!-- SetUp -->
        <test-method signature="SignIN()[pri:1, instance:Reorder@22c86919]" started-at="2023-03-16T16:00:49 EET" name="SignIN" finished-at="2023-03-16T16:00:59 EET" duration-ms="9491" status="PASS">
          <reporter-output>
          </reporter-output>
        </test-method> <!-- SignIN -->
        <test-method signature="Test7CostCheck()[pri:3, instance:Reorder@22c86919]" started-at="2023-03-16T16:00:59 EET" name="Test7CostCheck" finished-at="2023-03-16T16:01:13 EET" duration-ms="14323" status="PASS">
          <reporter-output>
          </reporter-output>
        </test-method> <!-- Test7CostCheck -->
      </class> <!-- Reorder -->
    </test> <!-- Default test -->
  </suite> <!-- Default suite -->
</testng-results>
